<?xml version="1.0" encoding="UTF-8"?>
<coverage generated="1650141142886" clover="3.2.0">
  <project timestamp="1650141142886" name="All files">
    <metrics statements="26" coveredstatements="26" conditionals="11" coveredconditionals="10" methods="6" coveredmethods="6" elements="43" coveredelements="42" complexity="0" loc="26" ncloc="26" packages="1" files="1" classes="1"/>
    <file name="calcDueDate.js" path="/Users/Kitti/Documents/Álláskeresés/Emarsys/probafeladat-emarsys/calculator-due-date/calcDueDate.js">
      <metrics statements="26" coveredstatements="26" conditionals="11" coveredconditionals="10" methods="6" coveredmethods="6"/>
      <line num="1" count="1" type="stmt"/>
      <line num="2" count="1" type="stmt"/>
      <line num="3" count="1" type="stmt"/>
      <line num="4" count="1" type="stmt"/>
      <line num="7" count="8" type="stmt"/>
      <line num="8" count="8" type="cond" truecount="2" falsecount="0"/>
      <line num="12" count="11" type="stmt"/>
      <line num="14" count="11" type="stmt"/>
      <line num="15" count="11" type="stmt"/>
      <line num="16" count="11" type="stmt"/>
      <line num="19" count="11" type="cond" truecount="4" falsecount="1"/>
      <line num="22" count="11" type="stmt"/>
      <line num="26" count="11" type="stmt"/>
      <line num="27" count="11" type="cond" truecount="2" falsecount="0"/>
      <line num="31" count="6" type="stmt"/>
      <line num="32" count="6" type="stmt"/>
      <line num="33" count="54" type="stmt"/>
      <line num="35" count="54" type="stmt"/>
      <line num="39" count="11" type="stmt"/>
      <line num="41" count="11" type="cond" truecount="2" falsecount="0"/>
      <line num="42" count="5" type="stmt"/>
      <line num="44" count="6" type="stmt"/>
      <line num="50" count="6" type="stmt"/>
      <line num="53" count="1" type="stmt"/>
      <line num="54" count="1" type="stmt"/>
      <line num="56" count="1" type="stmt"/>
    </file>
  </project>
</coverage>
