<?xml version="1.0" encoding="UTF-8"?>
<coverage generated="1650142059791" clover="3.2.0">
  <project timestamp="1650142059791" name="All files">
    <metrics statements="22" coveredstatements="22" conditionals="11" coveredconditionals="10" methods="6" coveredmethods="6" elements="39" coveredelements="38" complexity="0" loc="22" ncloc="22" packages="1" files="1" classes="1"/>
    <file name="calcDueDate.js" path="/Users/Kitti/Documents/Álláskeresés/Emarsys/probafeladat-emarsys/calculator-due-date/src/calcDueDate.js">
      <metrics statements="22" coveredstatements="22" conditionals="11" coveredconditionals="10" methods="6" coveredmethods="6"/>
      <line num="1" count="1" type="stmt"/>
      <line num="2" count="1" type="stmt"/>
      <line num="5" count="9" type="stmt"/>
      <line num="6" count="9" type="cond" truecount="2" falsecount="0"/>
      <line num="10" count="12" type="stmt"/>
      <line num="12" count="12" type="stmt"/>
      <line num="13" count="12" type="stmt"/>
      <line num="14" count="12" type="stmt"/>
      <line num="17" count="12" type="cond" truecount="4" falsecount="1"/>
      <line num="20" count="12" type="stmt"/>
      <line num="24" count="12" type="stmt"/>
      <line num="25" count="12" type="cond" truecount="2" falsecount="0"/>
      <line num="29" count="7" type="stmt"/>
      <line num="30" count="7" type="stmt"/>
      <line num="31" count="80" type="stmt"/>
      <line num="33" count="80" type="stmt"/>
      <line num="37" count="12" type="stmt"/>
      <line num="39" count="12" type="cond" truecount="2" falsecount="0"/>
      <line num="40" count="5" type="stmt"/>
      <line num="42" count="7" type="stmt"/>
      <line num="48" count="7" type="stmt"/>
      <line num="51" count="1" type="stmt"/>
    </file>
  </project>
</coverage>
