{"/Users/Kitti/Documents/Álláskeresés/Emarsys/probafeladat-emarsys/calculator-due-date/calcDueDate.js": {"path":"/Users/Kitti/Documents/Álláskeresés/Emarsys/probafeladat-emarsys/calculator-due-date/calcDueDate.js","statementMap":{"0":{"start":{"line":1,"column":18},"end":{"line":1,"column":49}},"1":{"start":{"line":2,"column":18},"end":{"line":2,"column":19}},"2":{"start":{"line":3,"column":16},"end":{"line":3,"column":18}},"3":{"start":{"line":4,"column":24},"end":{"line":4,"column":26}},"4":{"start":{"line":7,"column":2},"end":{"line":7,"column":25}},"5":{"start":{"line":8,"column":2},"end":{"line":8,"column":48}},"6":{"start":{"line":12,"column":2},"end":{"line":12,"column":25}},"7":{"start":{"line":14,"column":14},"end":{"line":14,"column":29}},"8":{"start":{"line":15,"column":16},"end":{"line":15,"column":33}},"9":{"start":{"line":16,"column":16},"end":{"line":16,"column":33}},"10":{"start":{"line":19,"column":4},"end":{"line":20,"column":78}},"11":{"start":{"line":22,"column":2},"end":{"line":22,"column":16}},"12":{"start":{"line":26,"column":2},"end":{"line":26,"column":25}},"13":{"start":{"line":27,"column":2},"end":{"line":27,"column":49}},"14":{"start":{"line":31,"column":14},"end":{"line":31,"column":16}},"15":{"start":{"line":32,"column":2},"end":{"line":34,"column":3}},"16":{"start":{"line":32,"column":15},"end":{"line":32,"column":16}},"17":{"start":{"line":33,"column":4},"end":{"line":33,"column":18}},"18":{"start":{"line":35,"column":2},"end":{"line":35,"column":58}},"19":{"start":{"line":35,"column":31},"end":{"line":35,"column":44}},"20":{"start":{"line":39,"column":23},"end":{"line":39,"column":24}},"21":{"start":{"line":41,"column":2},"end":{"line":48,"column":3}},"22":{"start":{"line":42,"column":4},"end":{"line":42,"column":43}},"23":{"start":{"line":44,"column":4},"end":{"line":47,"column":42}},"24":{"start":{"line":50,"column":2},"end":{"line":50,"column":55}},"25":{"start":{"line":53,"column":15},"end":{"line":53,"column":59}},"26":{"start":{"line":54,"column":0},"end":{"line":54,"column":38}},"27":{"start":{"line":56,"column":0},"end":{"line":56,"column":34}}},"fnMap":{"0":{"name":"isWeekDay","decl":{"start":{"line":6,"column":9},"end":{"line":6,"column":18}},"loc":{"start":{"line":6,"column":25},"end":{"line":9,"column":1}},"line":6},"1":{"name":"isWorkingHours","decl":{"start":{"line":11,"column":9},"end":{"line":11,"column":23}},"loc":{"start":{"line":11,"column":30},"end":{"line":23,"column":1}},"line":11},"2":{"name":"isValidSubmitDate","decl":{"start":{"line":25,"column":9},"end":{"line":25,"column":26}},"loc":{"start":{"line":25,"column":33},"end":{"line":28,"column":1}},"line":25},"3":{"name":"addNonWorkingHours","decl":{"start":{"line":30,"column":9},"end":{"line":30,"column":27}},"loc":{"start":{"line":30,"column":45},"end":{"line":36,"column":1}},"line":30},"4":{"name":"(anonymous_4)","decl":{"start":{"line":35,"column":22},"end":{"line":35,"column":23}},"loc":{"start":{"line":35,"column":31},"end":{"line":35,"column":44}},"line":35},"5":{"name":"calculateDueDate","decl":{"start":{"line":38,"column":9},"end":{"line":38,"column":25}},"loc":{"start":{"line":38,"column":55},"end":{"line":51,"column":1}},"line":38}},"branchMap":{"0":{"loc":{"start":{"line":8,"column":9},"end":{"line":8,"column":47}},"type":"binary-expr","locations":[{"start":{"line":8,"column":9},"end":{"line":8,"column":26}},{"start":{"line":8,"column":30},"end":{"line":8,"column":47}}],"line":8},"1":{"loc":{"start":{"line":19,"column":4},"end":{"line":20,"column":78}},"type":"binary-expr","locations":[{"start":{"line":19,"column":4},"end":{"line":19,"column":22}},{"start":{"line":20,"column":5},"end":{"line":20,"column":20}},{"start":{"line":20,"column":25},"end":{"line":20,"column":42}},{"start":{"line":20,"column":46},"end":{"line":20,"column":59}},{"start":{"line":20,"column":63},"end":{"line":20,"column":76}}],"line":19},"2":{"loc":{"start":{"line":27,"column":9},"end":{"line":27,"column":48}},"type":"binary-expr","locations":[{"start":{"line":27,"column":9},"end":{"line":27,"column":29}},{"start":{"line":27,"column":33},"end":{"line":27,"column":48}}],"line":27},"3":{"loc":{"start":{"line":41,"column":2},"end":{"line":48,"column":3}},"type":"if","locations":[{"start":{"line":41,"column":2},"end":{"line":48,"column":3}},{"start":{"line":43,"column":9},"end":{"line":48,"column":3}}],"line":41}},"s":{"0":1,"1":1,"2":1,"3":1,"4":8,"5":8,"6":11,"7":11,"8":11,"9":11,"10":11,"11":11,"12":11,"13":11,"14":6,"15":6,"16":6,"17":54,"18":6,"19":54,"20":11,"21":11,"22":5,"23":6,"24":6,"25":1,"26":1,"27":1},"f":{"0":8,"1":11,"2":11,"3":6,"4":54,"5":11},"b":{"0":[8,7],"1":[11,10,2,1,0],"2":[11,8],"3":[5,6]},"_coverageSchema":"1a1c01bbd47fc00a2c39e90264f33305004495a9","hash":"0cb34d6cf7e2eaccada2960b73d53b62bce64c6e"}
}
