{"/Users/Kitti/Documents/Álláskeresés/Emarsys/probafeladat-emarsys/calculator-due-date/src/calcDueDate.js": {"path":"/Users/Kitti/Documents/Álláskeresés/Emarsys/probafeladat-emarsys/calculator-due-date/src/calcDueDate.js","statementMap":{"0":{"start":{"line":1,"column":18},"end":{"line":1,"column":19}},"1":{"start":{"line":2,"column":16},"end":{"line":2,"column":18}},"2":{"start":{"line":5,"column":2},"end":{"line":5,"column":25}},"3":{"start":{"line":6,"column":2},"end":{"line":6,"column":48}},"4":{"start":{"line":10,"column":2},"end":{"line":10,"column":25}},"5":{"start":{"line":12,"column":14},"end":{"line":12,"column":29}},"6":{"start":{"line":13,"column":16},"end":{"line":13,"column":33}},"7":{"start":{"line":14,"column":16},"end":{"line":14,"column":33}},"8":{"start":{"line":17,"column":4},"end":{"line":18,"column":78}},"9":{"start":{"line":20,"column":2},"end":{"line":20,"column":16}},"10":{"start":{"line":24,"column":2},"end":{"line":24,"column":25}},"11":{"start":{"line":25,"column":2},"end":{"line":25,"column":49}},"12":{"start":{"line":29,"column":14},"end":{"line":29,"column":16}},"13":{"start":{"line":30,"column":2},"end":{"line":32,"column":3}},"14":{"start":{"line":30,"column":15},"end":{"line":30,"column":16}},"15":{"start":{"line":31,"column":4},"end":{"line":31,"column":18}},"16":{"start":{"line":33,"column":2},"end":{"line":33,"column":58}},"17":{"start":{"line":33,"column":31},"end":{"line":33,"column":44}},"18":{"start":{"line":37,"column":23},"end":{"line":37,"column":24}},"19":{"start":{"line":39,"column":2},"end":{"line":46,"column":3}},"20":{"start":{"line":40,"column":4},"end":{"line":40,"column":43}},"21":{"start":{"line":42,"column":4},"end":{"line":45,"column":42}},"22":{"start":{"line":48,"column":2},"end":{"line":48,"column":55}},"23":{"start":{"line":51,"column":0},"end":{"line":51,"column":34}}},"fnMap":{"0":{"name":"isWeekDay","decl":{"start":{"line":4,"column":9},"end":{"line":4,"column":18}},"loc":{"start":{"line":4,"column":25},"end":{"line":7,"column":1}},"line":4},"1":{"name":"isWorkingHours","decl":{"start":{"line":9,"column":9},"end":{"line":9,"column":23}},"loc":{"start":{"line":9,"column":30},"end":{"line":21,"column":1}},"line":9},"2":{"name":"isValidSubmitDate","decl":{"start":{"line":23,"column":9},"end":{"line":23,"column":26}},"loc":{"start":{"line":23,"column":33},"end":{"line":26,"column":1}},"line":23},"3":{"name":"addNonWorkingHours","decl":{"start":{"line":28,"column":9},"end":{"line":28,"column":27}},"loc":{"start":{"line":28,"column":45},"end":{"line":34,"column":1}},"line":28},"4":{"name":"(anonymous_4)","decl":{"start":{"line":33,"column":22},"end":{"line":33,"column":23}},"loc":{"start":{"line":33,"column":31},"end":{"line":33,"column":44}},"line":33},"5":{"name":"calculateDueDate","decl":{"start":{"line":36,"column":9},"end":{"line":36,"column":25}},"loc":{"start":{"line":36,"column":55},"end":{"line":49,"column":1}},"line":36}},"branchMap":{"0":{"loc":{"start":{"line":6,"column":9},"end":{"line":6,"column":47}},"type":"binary-expr","locations":[{"start":{"line":6,"column":9},"end":{"line":6,"column":26}},{"start":{"line":6,"column":30},"end":{"line":6,"column":47}}],"line":6},"1":{"loc":{"start":{"line":17,"column":4},"end":{"line":18,"column":78}},"type":"binary-expr","locations":[{"start":{"line":17,"column":4},"end":{"line":17,"column":22}},{"start":{"line":18,"column":5},"end":{"line":18,"column":20}},{"start":{"line":18,"column":25},"end":{"line":18,"column":42}},{"start":{"line":18,"column":46},"end":{"line":18,"column":59}},{"start":{"line":18,"column":63},"end":{"line":18,"column":76}}],"line":17},"2":{"loc":{"start":{"line":25,"column":9},"end":{"line":25,"column":48}},"type":"binary-expr","locations":[{"start":{"line":25,"column":9},"end":{"line":25,"column":29}},{"start":{"line":25,"column":33},"end":{"line":25,"column":48}}],"line":25},"3":{"loc":{"start":{"line":39,"column":2},"end":{"line":46,"column":3}},"type":"if","locations":[{"start":{"line":39,"column":2},"end":{"line":46,"column":3}},{"start":{"line":41,"column":9},"end":{"line":46,"column":3}}],"line":39}},"s":{"0":1,"1":1,"2":9,"3":9,"4":12,"5":12,"6":12,"7":12,"8":12,"9":12,"10":12,"11":12,"12":7,"13":7,"14":7,"15":80,"16":7,"17":80,"18":12,"19":12,"20":5,"21":7,"22":7,"23":1},"f":{"0":9,"1":12,"2":12,"3":7,"4":80,"5":12},"b":{"0":[9,8],"1":[12,11,2,1,0],"2":[12,9],"3":[5,7]},"_coverageSchema":"1a1c01bbd47fc00a2c39e90264f33305004495a9","hash":"b3fdd5f06b44ebf2e793b9977aaf831785529146"}
}
