TN:
SF:calcDueDate.js
FN:6,isWeekDay
FN:11,isWorkingHours
FN:25,isValidSubmitDate
FN:30,addNonWorkingHours
FN:35,(anonymous_4)
FN:38,calculateDueDate
FNF:6
FNH:6
FNDA:8,isWeekDay
FNDA:11,isWorkingHours
FNDA:11,isValidSubmitDate
FNDA:6,addNonWorkingHours
FNDA:54,(anonymous_4)
FNDA:11,calculateDueDate
DA:1,1
DA:2,1
DA:3,1
DA:4,1
DA:7,8
DA:8,8
DA:12,11
DA:14,11
DA:15,11
DA:16,11
DA:19,11
DA:22,11
DA:26,11
DA:27,11
DA:31,6
DA:32,6
DA:33,54
DA:35,54
DA:39,11
DA:41,11
DA:42,5
DA:44,6
DA:50,6
DA:53,1
DA:54,1
DA:56,1
LF:26
LH:26
BRDA:8,0,0,8
BRDA:8,0,1,7
BRDA:19,1,0,11
BRDA:19,1,1,10
BRDA:19,1,2,2
BRDA:19,1,3,1
BRDA:19,1,4,0
BRDA:27,2,0,11
BRDA:27,2,1,8
BRDA:41,3,0,5
BRDA:41,3,1,6
BRF:11
BRH:10
end_of_record
