TN:
SF:src/calcDueDate.js
FN:4,isWeekDay
FN:9,isWorkingHours
FN:23,isValidSubmitDate
FN:28,addNonWorkingHours
FN:33,(anonymous_4)
FN:36,calculateDueDate
FNF:6
FNH:6
FNDA:9,isWeekDay
FNDA:12,isWorkingHours
FNDA:12,isValidSubmitDate
FNDA:7,addNonWorkingHours
FNDA:80,(anonymous_4)
FNDA:12,calculateDueDate
DA:1,1
DA:2,1
DA:5,9
DA:6,9
DA:10,12
DA:12,12
DA:13,12
DA:14,12
DA:17,12
DA:20,12
DA:24,12
DA:25,12
DA:29,7
DA:30,7
DA:31,80
DA:33,80
DA:37,12
DA:39,12
DA:40,5
DA:42,7
DA:48,7
DA:51,1
LF:22
LH:22
BRDA:6,0,0,9
BRDA:6,0,1,8
BRDA:17,1,0,12
BRDA:17,1,1,11
BRDA:17,1,2,2
BRDA:17,1,3,1
BRDA:17,1,4,0
BRDA:25,2,0,12
BRDA:25,2,1,9
BRDA:39,3,0,5
BRDA:39,3,1,7
BRF:11
BRH:10
end_of_record
